## Задача 1

Используя docker поднимите инстанс PostgreSQL (версию 12) c 2 volume, в который будут складываться данные БД и бэкапы.

Приведите получившуюся команду или docker-compose манифест.

### Ответ:

```bash
ivan@ivan-N76VZ:$ docker pull postgres:12
ivan@ivan-N76VZ:$ docker-compose up -d
```

## Задача 2

В БД из задачи 1:

- создайте пользователя test-admin-user и БД test_db
- в БД test_db создайте таблицу orders и clients (спeцификация таблиц ниже)
- предоставьте привилегии на все операции пользователю test-admin-user на таблицы БД test_db
- создайте пользователя test-simple-user
- предоставьте пользователю test-simple-user права на SELECT/INSERT/UPDATE/DELETE данных таблиц БД test_db

Таблица orders:

- id (serial primary key)
- наименование (string)
- цена (integer)

Таблица clients:

- id (serial primary key)
- фамилия (string)
- страна проживания (string, index)
- заказ (foreign key orders)

Приведите:

- итоговый список БД после выполнения пунктов выше,
- описание таблиц (describe)
- SQL-запрос для выдачи списка пользователей с правами над таблицами test_db
- список пользователей с правами над таблицами test_db

```bash
ivan@ivan-N76VZ:$ docker exec -it postgres bash
root@f6ef5d9a1e2f:/# su postgres

postgres=# psql
postgres=# CREATE DATABASE test_db;
postgres=# \q

postgres@f6ef5d9a1e2f:/$ psql -U postgres -d test_db
```

```postgres-psql
CREATE USER "test-admin-user" NOSUPERUSER NOCREATEDB NOCREATEROLE NOINHERIT LOGIN with encrypted password 'admin';;

CREATE TABLE orders
(
    orders_id INTEGER PRIMARY KEY, -- SERIAL UNIQUE type | ALTER SEQUENCE RESTART WITH * INCREMENT BY *
    orders_name VARCHAR(250) NOT NULL, 
    price INTEGER NOT NULL
);

CREATE TABLE clients 
(
	clients_id INTEGER PRIMARY KEY, -- SERIAL UNIQUE type | ALTER SEQUENCE RESTART WITH * INCREMENT BY *
	lastname VARCHAR(30) NOT NULL,
	country VARCHAR(30) NOT NULL,
	orders_id integer,
	CONSTRAINT fk_orders
      FOREIGN KEY(orders_id) 
	    REFERENCES orders(orders_id)
);

CREATE INDEX country_idx ON clients (country);

grant all privileges on database test_db to "test-admin-user";

CREATE USER "test-simple-user" NOSUPERUSER NOCREATEDB NOCREATEROLE NOINHERIT LOGIN with encrypted password 'simple';

grant SELECT,INSERT,UPDATE,DELETE on orders,clients to "test-simple-user";
```

```postgres-psql
test_db=# \l+
                                                                       List of databases
   Name    |  Owner   | Encoding |  Collate   |   Ctype    |       Access privileges        |  Size   | Tablespace |                Description                 
-----------+----------+----------+------------+------------+--------------------------------+---------+------------+--------------------------------------------
 postgres  | postgres | UTF8     | en_US.utf8 | en_US.utf8 |                                | 7969 kB | pg_default | default administrative connection database
 template0 | postgres | UTF8     | en_US.utf8 | en_US.utf8 | =c/postgres                   +| 7825 kB | pg_default | unmodifiable empty database
           |          |          |            |            | postgres=CTc/postgres          |         |            | 
 template1 | postgres | UTF8     | en_US.utf8 | en_US.utf8 | =c/postgres                   +| 7825 kB | pg_default | default template for new databases
           |          |          |            |            | postgres=CTc/postgres          |         |            | 
 test_db   | postgres | UTF8     | en_US.utf8 | en_US.utf8 | =Tc/postgres                  +| 8041 kB | pg_default | 
           |          |          |            |            | postgres=CTc/postgres         +|         |            | 
           |          |          |            |            | "test-admin-user"=CTc/postgres |         |            | 
(4 rows)

test_db=# \dt+
                      List of relations
 Schema |  Name   | Type  |  Owner   |  Size   | Description 
--------+---------+-------+----------+---------+-------------
 public | clients | table | postgres | 0 bytes | 
 public | orders  | table | postgres | 0 bytes | 
(2 rows)



test_db=# SELECT * 
            FROM information_schema.table_privileges
            where grantee in ('test-simple-user','test-admin-user');
--or
test_db=# SELECT * FROM information_schema.role_table_grants
 where grantee in ('test-simple-user','test-admin-user');

 grantor  |     grantee      | table_catalog | table_schema | table_name | privilege_type | is_grantable | with_hierarchy 
----------+------------------+---------------+--------------+------------+----------------+--------------+----------------
 postgres | test-simple-user | test_db       | public       | orders     | INSERT         | NO           | NO
 postgres | test-simple-user | test_db       | public       | orders     | SELECT         | NO           | YES
 postgres | test-simple-user | test_db       | public       | orders     | UPDATE         | NO           | NO
 postgres | test-simple-user | test_db       | public       | orders     | DELETE         | NO           | NO
 postgres | test-simple-user | test_db       | public       | clients    | INSERT         | NO           | NO
 postgres | test-simple-user | test_db       | public       | clients    | SELECT         | NO           | YES
 postgres | test-simple-user | test_db       | public       | clients    | UPDATE         | NO           | NO
 postgres | test-simple-user | test_db       | public       | clients    | DELETE         | NO           | NO
(8 rows)


test_db=# \du+
                                              List of roles
    Role name     |                         Attributes                         | Member of | Description 
------------------+------------------------------------------------------------+-----------+-------------
 postgres         | Superuser, Create role, Create DB, Replication, Bypass RLS | {}        | 
 test-admin-user  | No inheritance                                             | {}        | 
 test-simple-user | No inheritance                                             | {}        | 
```

## Задача 3

Используя SQL синтаксис - наполните таблицы следующими тестовыми данными:

Таблица orders

|Наименование|цена|
|------------|----|
|Шоколад| 10 |
|Принтер| 3000 |
|Книга| 500 |
|Монитор| 7000|
|Гитара| 4000|

Таблица clients

|ФИО|Страна проживания|
|------------|----|
|Иванов Иван Иванович| USA |
|Петров Петр Петрович| Canada |
|Иоганн Себастьян Бах| Japan |
|Ронни Джеймс Дио| Russia|
|Ritchie Blackmore| Russia|

Используя SQL синтаксис:

- вычислите количество записей для каждой таблицы
- приведите в ответе:
    - запросы
    - результаты их выполнения.

```postgres-psql

insert into orders (orders_id, orders_name, price)
 VALUES (1, 'Шоколад', 10), (2, 'Принтер', 3000), (3, 'Книга', 500), (4, 'Монитор', 7000), (5, 'Гитара', 4000);

--if be serial type 
insert into orders (orders_name, price)
 VALUES ('Шоколад', 10), ('Принтер', 3000), ('Книга', 500), ('Монитор', 7000), ('Гитара', 4000);

test_db=# SELECT * FROM orders ;
 orders_id | orders_name | price 
-----------+-------------+-------
         1 | Шоколад     |    10
         2 | Принтер     |  3000
         3 | Книга       |   500
         4 | Монитор     |  7000
         5 | Гитара      |  4000
(5 rows)

test_db=# select count (*) from orders;
 count 
-------
     5
(1 row)

INSERT INTO clients (clients_id, lastname, country)
    VALUES (1, 'Иванов Иван Иванович', 'USA'),
           (2, 'Петров Петр Петрович', 'Canada'),
           (3, 'Иоганн Себастьян Бах', 'Japan'),
           (4, 'Ронни Джеймс Дио', 'Russia'),
           (5, 'Ritchie Blackmore', 'Russia');

--if be serial type
 
insert into clients (lastname, country)
 VALUES ('Иванов Иван Иванович', 'USA'), ('Петров Петр Петрович', 'Canada'), ('Иоганн Себастьян Бах', 'Japan'), ('Ронни Джеймс Дио', 'Russia'), ('Ritchie Blackmore', 'Russia');

test_db=# SELECT * FROM clients;
 clients_id |       lastname       | country | orders_id 
------------+----------------------+---------+-----------
          1 | Иванов Иван Иванович | USA     |          
          2 | Петров Петр Петрович | Canada  |          
          3 | Иоганн Себастьян Бах | Japan   |          
          4 | Ронни Джеймс Дио     | Russia  |          
          5 | Ritchie Blackmore    | Russia  |          
(5 rows)

test_db=# SELECT COUNT (*) FROM clients;
 count 
-------
     5
(1 row)

```


## Задача 4

Часть пользователей из таблицы clients решили оформить заказы из таблицы orders.

Используя foreign keys свяжите записи из таблиц, согласно таблице:

|ФИО|Заказ|
|------------|----|
|Иванов Иван Иванович| Книга |
|Петров Петр Петрович| Монитор |
|Иоганн Себастьян Бах| Гитара |

Приведите SQL-запросы для выполнения данных операций.

Приведите SQL-запрос для выдачи всех пользователей, которые совершили заказ, а также вывод данного запроса.

Подсказк - используйте директиву `UPDATE`.


```postgres-psql
-- вообще может быть ФИО одинаковые у клиентов и товары, в задании надо было явно указать клиентов и товар.
update clients set orders_id = 3 where clients_id = 1;
UPDATE clients SET orders_id = 4 WHERE clients_id = 2;
UPDATE clients SET orders_id = 5 WHERE clients_id = 3;
--or 
update clients set orders_id = 3 where lastname = 'Иванов Иван Иванович';
--or
UPDATE clients  
SET orders_id = 3
FROM orders
WHERE orders.orders_name='Книга' and clients.lastname = 'Иванов Иван Иванович';

--result
test_db=# SELECT * FROM clients;
 clients_id |       lastname       | country | orders_id 
------------+----------------------+---------+-----------
          4 | Ронни Джеймс Дио     | Russia  |          
          5 | Ritchie Blackmore    | Russia  |          
          1 | Иванов Иван Иванович | USA     |         3
          2 | Петров Петр Петрович | Canada  |         4
          3 | Иоганн Себастьян Бах | Japan   |         5
(5 rows)

--exists
 select lastname,orders_id from clients where exists (select orders_id from orders where clients.orders_id=orders.orders_id) ;

       lastname       | orders_id 
----------------------+-----------
 Иванов Иван Иванович |         3
 Петров Петр Петрович |         4
 Иоганн Себастьян Бах |         5
(3 rows)


--inner join
SELECT clients.lastname,orders.orders_name FROM clients INNER JOIN orders
ON clients.orders_id=orders.orders_id;

       lastname       | orders_name 
----------------------+-------------
 Иванов Иван Иванович | Книга
 Петров Петр Петрович | Монитор
 Иоганн Себастьян Бах | Гитара
(3 rows)

--full join + not null orders_id
SELECT clients.lastname,orders.orders_name FROM clients FULL JOIN orders
ON clients.orders_id=orders.orders_id
WHERE clients.orders_id is not null;

       lastname       | orders_name 
----------------------+-------------
 Иванов Иван Иванович | Книга
 Петров Петр Петрович | Монитор
 Иоганн Себастьян Бах | Гитара
(3 rows)

```

## Задача 5

Получите полную информацию по выполнению запроса выдачи всех пользователей из задачи 4
(используя директиву EXPLAIN).

Приведите получившийся результат и объясните что значат полученные значения.

```postgres-psql
-- EXPLAIN показать план выполнения оператора
-- OPTIONS:
-- ANALYZE покажет фактическое время работы и другую статистику
-- VERBOSE покажет дополнительную информацию о плане, как идет построение зарпоса
-- делать анализ на такие сущности и количество данных, просто бессысленно)
-- но по логике конечно exists будет самым быстрым, т.к. идет полувыборка
-- на втором месте inner join, т.к. идет пред выборка средних данных
-- на последнем месте будет full join, т.к. запросу придется перелопатить полностью сущности.

test_db=# EXPLAIN ANALYZE select lastname,orders_id from clients where exists (select orders_id from orders where clients.orders_id=orders.orders_id) ;
                                                  QUERY PLAN                                                  
--------------------------------------------------------------------------------------------------------------
 Hash Join  (cost=1.09..13.05 rows=4 width=82) (actual time=0.038..0.042 rows=3 loops=1)
   Hash Cond: (orders.orders_id = clients.orders_id)
   ->  Seq Scan on orders  (cost=0.00..11.40 rows=140 width=4) (actual time=0.012..0.013 rows=5 loops=1)
   ->  Hash  (cost=1.04..1.04 rows=4 width=82) (actual time=0.015..0.016 rows=3 loops=1)
         Buckets: 1024  Batches: 1  Memory Usage: 9kB
         ->  Seq Scan on clients  (cost=0.00..1.04 rows=4 width=82) (actual time=0.007..0.009 rows=5 loops=1)
 Planning Time: 0.181 ms
 Execution Time: 0.071 ms
(8 rows)

test_db=# EXPLAIN ANALYZE SELECT clients.lastname,orders.orders_name FROM clients INNER JOIN orders
ON clients.orders_id=orders.orders_id;
                                                  QUERY PLAN                                                  
--------------------------------------------------------------------------------------------------------------
 Hash Join  (cost=1.09..13.05 rows=4 width=594) (actual time=0.047..0.050 rows=3 loops=1)
   Hash Cond: (orders.orders_id = clients.orders_id)
   ->  Seq Scan on orders  (cost=0.00..11.40 rows=140 width=520) (actual time=0.011..0.012 rows=5 loops=1)
   ->  Hash  (cost=1.04..1.04 rows=4 width=82) (actual time=0.025..0.025 rows=3 loops=1)
         Buckets: 1024  Batches: 1  Memory Usage: 9kB
         ->  Seq Scan on clients  (cost=0.00..1.04 rows=4 width=82) (actual time=0.017..0.019 rows=5 loops=1)
 Planning Time: 0.148 ms
 Execution Time: 0.075 ms
(8 rows)

test_db=# EXPLAIN ANALYZE SELECT clients.lastname,orders.orders_name FROM clients FULL JOIN orders
ON clients.orders_id=orders.orders_id
WHERE clients.orders_id is not null;
                                                  QUERY PLAN                                                  
--------------------------------------------------------------------------------------------------------------
 Hash Right Join  (cost=1.09..13.05 rows=4 width=594) (actual time=0.027..0.031 rows=3 loops=1)
   Hash Cond: (orders.orders_id = clients.orders_id)
   ->  Seq Scan on orders  (cost=0.00..11.40 rows=140 width=520) (actual time=0.002..0.003 rows=5 loops=1)
   ->  Hash  (cost=1.04..1.04 rows=4 width=82) (actual time=0.018..0.018 rows=3 loops=1)
         Buckets: 1024  Batches: 1  Memory Usage: 9kB
         ->  Seq Scan on clients  (cost=0.00..1.04 rows=4 width=82) (actual time=0.013..0.014 rows=3 loops=1)
               Filter: (orders_id IS NOT NULL)
               Rows Removed by Filter: 2
 Planning Time: 0.115 ms
 Execution Time: 0.051 ms
(10 rows)
```

## Задача 6

Создайте бэкап БД test_db и поместите его в volume, предназначенный для бэкапов (см. Задачу 1).

Остановите контейнер с PostgreSQL (но не удаляйте volumes).

Поднимите новый пустой контейнер с PostgreSQL.

Восстановите БД test_db в новом контейнере.

Приведите список операций, который вы применяли для бэкапа данных и восстановления.

```bash
ivan@ivan-N76VZ:~/PycharmProjects/DevOpsNetology/02_VM_DB_Terraform/02_DB/files$ docker ps
CONTAINER ID   IMAGE         COMMAND                  CREATED        STATUS        PORTS                                       NAMES
c2daf3fb9940   adminer       "entrypoint.sh docke…"   27 hours ago   Up 27 hours   0.0.0.0:8080->8080/tcp, :::8080->8080/tcp   files_adminer_1
f6ef5d9a1e2f   postgres:12   "docker-entrypoint.s…"   27 hours ago   Up 27 hours   0.0.0.0:5432->5432/tcp, :::5432->5432/tcp   postgres

docker-compose stop postgres

docker exec -t -e PGPASSWORD='pass' postgres pg_dump -U postgres test_db > ./Backup/dump.sql

#change docker-compose file DB_new dir
docker-compose up -d db

ivan@ivan-N76VZ:$ docker exec -it postgres bash
root@f6ef5d9a1e2f:/# su postgres
postgres=# psql
postgres=# CREATE DATABASE test_db;

cat ./Backup/dump.sql | docker exec -i -e PGPASSWORD='pass' postgres_new psql -U postgres -d test_db

SET
SET
SET
SET
SET
 set_config 
------------
 
(1 row)

SET
SET
SET
SET
SET
SET
CREATE TABLE
ALTER TABLE
CREATE TABLE
ALTER TABLE
COPY 5
COPY 5
ALTER TABLE
ALTER TABLE
CREATE INDEX
ALTER TABLE
ERROR:  role "test-simple-user" does not exist
ERROR:  role "test-simple-user" does not exist

```